<?xml version="1.0" encoding="utf-8"?><testsuites name="pytest tests"><testsuite name="pytest" errors="0" failures="0" skipped="0" tests="18" time="2.944" timestamp="2026-06-20T08:11:13.216904+00:00" hostname="agent-env-fa56245a-d5a7-4793-83bb-0f470bcd8520"><testcase classname="backend.tests.backend_test" name="test_root" time="0.166" /><testcase classname="backend.tests.backend_test" name="test_list_products_has_4_seeded" time="0.042" /><testcase classname="backend.tests.backend_test" name="test_get_product_by_slug" time="0.043" /><testcase classname="backend.tests.backend_test" name="test_get_product_not_found" time="0.040" /><testcase classname="backend.tests.backend_test" name="test_register_and_login" time="0.542" /><testcase classname="backend.tests.backend_test" name="test_register_duplicate" time="0.042" /><testcase classname="backend.tests.backend_test" name="test_login_invalid" time="0.041" /><testcase classname="backend.tests.backend_test" name="test_auth_me" time="0.041" /><testcase classname="backend.tests.backend_test" name="test_auth_me_no_token" time="0.152" /><testcase classname="backend.tests.backend_test" name="test_admin_orders_as_admin" time="0.308" /><testcase classname="backend.tests.backend_test" name="test_admin_users_as_admin" time="0.042" /><testcase classname="backend.tests.backend_test" name="test_admin_orders_forbidden_for_user" time="0.040" /><testcase classname="backend.tests.backend_test" name="test_admin_users_forbidden_for_user" time="0.043" /><testcase classname="backend.tests.backend_test" name="test_checkout_session_creation" time="0.800" /><testcase classname="backend.tests.backend_test" name="test_checkout_status" time="0.297" /><testcase classname="backend.tests.backend_test" name="test_checkout_empty_cart" time="0.040" /><testcase classname="backend.tests.backend_test" name="test_checkout_invalid_product" time="0.059" /><testcase classname="backend.tests.backend_test" name="test_orders_mine" time="0.042" /></testsuite></testsuites>