<?xml version="1.0" encoding="utf-8"?><testsuites name="pytest tests"><testsuite name="pytest" errors="0" failures="0" skipped="0" tests="18" time="5.218" timestamp="2026-06-20T08:18:24.849766+00:00" hostname="agent-env-fa56245a-d5a7-4793-83bb-0f470bcd8520"><testcase classname="backend.tests.backend_test" name="test_root" time="0.163" /><testcase classname="backend.tests.backend_test" name="test_list_products_has_4_seeded" time="0.044" /><testcase classname="backend.tests.backend_test" name="test_get_product_by_slug" time="0.081" /><testcase classname="backend.tests.backend_test" name="test_get_product_not_found" time="0.047" /><testcase classname="backend.tests.backend_test" name="test_register_and_login" time="0.569" /><testcase classname="backend.tests.backend_test" name="test_register_duplicate" time="0.080" /><testcase classname="backend.tests.backend_test" name="test_login_invalid" time="0.041" /><testcase classname="backend.tests.backend_test" name="test_auth_me" time="0.038" /><testcase classname="backend.tests.backend_test" name="test_auth_me_no_token" time="0.089" /><testcase classname="backend.tests.backend_test" name="test_admin_orders_as_admin" time="0.358" /><testcase classname="backend.tests.backend_test" name="test_admin_users_as_admin" time="0.078" /><testcase classname="backend.tests.backend_test" name="test_admin_orders_forbidden_for_user" time="0.036" /><testcase classname="backend.tests.backend_test" name="test_admin_users_forbidden_for_user" time="0.036" /><testcase classname="backend.tests.backend_test" name="test_checkout_session_creation" time="0.765" /><testcase classname="backend.tests.backend_test" name="test_checkout_status" time="0.279" /><testcase classname="backend.tests.backend_test" name="test_checkout_empty_cart" time="2.274" /><testcase classname="backend.tests.backend_test" name="test_checkout_invalid_product" time="0.080" /><testcase classname="backend.tests.backend_test" name="test_orders_mine" time="0.080" /></testsuite></testsuites>